2018-10-28 00:56:32,476 INFO c.e.l.TestMobileTesting [main] Init pass!!! 
2018-10-28 00:57:26,861 INFO c.e.l.TestMobileTesting [main] Init pass!!! 
2018-10-28 01:03:35,515 INFO c.e.l.TestMobileTesting [main] Init pass!!! 
2018-10-28 01:04:16,365 INFO c.e.l.TestMobileTesting [main] Init pass!!! 
2018-10-28 01:04:31,807 INFO c.e.l.TestMobileTesting [main] Init pass!!! 
2018-10-28 01:05:20,161 INFO c.e.l.TestMobileTesting [main] Init pass!!! 
2018-10-28 01:13:56,165 INFO c.e.l.TestMobileTesting [main] Init pass!!! 
2018-10-28 01:15:04,670 INFO c.e.l.TestMobileTesting [main] Init pass!!! 
2018-10-28 01:18:04,432 INFO c.e.l.TestMobileTesting [main] Init pass!!! 
2018-10-28 01:19:45,021 INFO c.e.l.TestMobileTesting [main] Init pass!!! 
2018-10-28 01:25:21,363 INFO c.e.l.TestMobileTesting [main] Init pass!!! 
2018-10-28 01:26:02,009 INFO c.e.l.TestMobileTesting [main] Init pass!!! 
2018-10-28 01:27:04,688 INFO c.e.l.TestMobileTesting [main] Init pass!!! 
2018-10-28 01:28:43,213 INFO c.e.l.TestMobileTesting [main] Init pass!!! 
2018-10-28 01:29:44,237 INFO c.e.l.TestMobileTesting [main] Init pass!!! 
2018-10-28 01:48:53,868 INFO c.e.l.TestMobileTesting [main] Init pass!!! 
2018-10-28 01:49:13,169 INFO c.e.l.TestMobileTesting [main] Init pass!!! 
2018-10-28 01:50:46,162 INFO c.e.l.TestMobileTesting [main] Init pass!!! 
2018-10-28 01:53:07,167 INFO c.e.l.TestMobileTesting [main] Init pass!!! 
2018-10-28 02:08:00,375 INFO c.e.l.TestMobileTesting [main] Init pass!!! 
2018-10-28 02:09:22,900 INFO c.e.l.TestMobileTesting [main] Init pass!!! 
2018-10-28 02:10:37,218 INFO c.e.l.TestMobileTesting [main] Init pass!!! 
2018-10-28 02:11:56,984 INFO c.e.l.TestMobileTesting [main] Init pass!!! 
2018-10-28 02:14:50,986 INFO c.e.l.TestMobileTesting [main] Init pass!!! 
2018-10-28 02:15:17,362 INFO c.e.l.TestMobileTesting [main] Init pass!!! 
2018-10-28 02:16:35,438 INFO c.e.l.TestMobileTesting [main] Init pass!!! 
2018-10-28 02:21:34,124 INFO c.e.l.TestMobileTesting [main] Init pass!!! 
2018-10-28 02:22:36,326 INFO c.e.l.TestMobileTesting [main] Init pass!!! 
2018-10-28 02:24:34,636 INFO c.e.l.TestMobileTesting [main] Init pass!!! 
2018-10-28 02:25:59,937 INFO c.e.l.TestMobileTesting [main] Init pass!!! 
2018-10-28 02:26:29,884 INFO c.e.l.TestMobileTesting [main] Init pass!!! 
2018-10-28 02:27:31,132 INFO c.e.l.TestMobileTesting [main] Init pass!!! 
2018-10-28 02:30:11,888 INFO c.e.l.TestMobileTesting [main] Init pass!!! 
2018-10-28 02:48:44,259 INFO c.e.l.TestMobileTesting [main] Init pass!!! 
2018-10-28 08:28:39,685 INFO c.e.l.TestMobileTesting [main] Init pass!!! 
2018-10-28 08:29:33,296 INFO c.e.l.TestMobileTesting [main] Init pass!!! 
2018-10-28 08:30:27,028 INFO c.e.l.TestMobileTesting [main] Init pass!!! 
2018-10-28 08:30:29,057 INFO c.e.l.TestMobileTesting [main] First method 
2018-10-28 08:30:56,300 INFO c.e.l.TestMobileTesting [main] Init pass!!! 
2018-10-28 08:32:11,103 INFO c.e.l.TestMobileTesting [main] First method 
2018-10-28 09:03:46,418 INFO c.e.l.TestMobileTesting [main] Init pass!!! 
2018-10-28 09:05:33,042 INFO c.e.l.TestMobileTesting [main] First method 
2018-10-28 09:22:40,888 INFO c.e.l.TestMobileTesting [main] Init pass!!! 
2018-10-28 09:25:55,500 INFO c.e.l.TestMobileTesting [main] Init pass!!! 
2018-10-28 09:28:13,648 INFO c.e.l.TestMobileTesting [main] Init pass!!! 
2018-10-28 09:29:38,811 INFO c.e.l.TestMobileTesting [main] First method 
2018-10-28 09:32:42,101 INFO c.e.l.TestMobileTesting [main] Init pass!!! 
2018-10-28 09:32:53,586 INFO c.e.l.TestMobileTesting [main] First method 
2018-10-28 09:33:58,360 INFO c.e.l.TestMobileTesting [main] Init pass!!! 
2018-10-28 09:34:01,894 INFO c.e.l.TestMobileTesting [main] First method 
2018-10-28 09:36:47,078 INFO c.e.l.TestMobileTesting [main] Init pass!!! 
2018-10-28 09:36:57,758 INFO c.e.l.TestMobileTesting [main] First method 
2018-10-28 09:37:59,887 INFO c.e.l.TestMobileTesting [main] Init pass!!! 
2018-10-28 09:38:02,301 INFO c.e.l.TestMobileTesting [main] First method 
2018-10-28 09:38:47,526 INFO c.e.l.TestMobileTesting [main] Init pass!!! 
2018-10-28 09:39:32,873 INFO c.e.l.TestMobileTesting [main] First method 
2018-10-28 09:40:28,613 INFO c.e.l.TestMobileTesting [main] Init pass!!! 
2018-10-28 09:40:58,260 INFO c.e.l.TestMobileTesting [main] 2018-10-28T09:40:56+02:00 
2018-10-28 09:40:58,383 INFO c.e.l.TestMobileTesting [main] First method 
2018-10-28 09:44:48,949 INFO c.e.l.TestMobileTesting [main] Init pass!!! 
2018-10-28 09:45:21,102 INFO c.e.l.TestMobileTesting [main] 2018-10-28T09:45:18+02:00 
2018-10-28 09:45:21,201 INFO c.e.l.TestMobileTesting [main] First method 
2018-10-28 09:47:02,051 INFO c.e.l.TestMobileTesting [main] Init pass!!! 
2018-10-28 09:47:30,073 INFO c.e.l.TestMobileTesting [main] 2018-10-28T09:47:27+02:00 
2018-10-28 09:47:30,158 INFO c.e.l.TestMobileTesting [main] First method 
2018-10-28 09:48:13,707 INFO c.e.l.TestMobileTesting [main] Init pass!!! 
2018-10-28 09:48:41,382 INFO c.e.l.TestMobileTesting [main] 2018-10-28T09:48:39+02:00 
2018-10-28 09:48:41,483 INFO c.e.l.TestMobileTesting [main] First method 
2018-10-28 09:48:58,592 INFO c.e.l.TestMobileTesting [main] Init pass!!! 
2018-10-28 09:49:24,728 INFO c.e.l.TestMobileTesting [main] 2018-10-28T09:49:22+02:00 
2018-10-28 09:49:24,802 INFO c.e.l.TestMobileTesting [main] First method 
2018-10-28 10:02:46,137 INFO c.e.l.TestMobileTesting [main] Init pass!!! 
2018-10-28 10:03:09,260 INFO c.e.l.TestMobileTesting [main] 2018-10-28T10:03:07+02:00 
2018-10-28 10:03:09,351 INFO c.e.l.TestMobileTesting [main] First method 
2018-10-28 10:03:09,376 INFO c.e.l.OpenGmailPO [main] We are on the login gmail page 
2018-10-28 10:05:15,026 INFO c.e.l.TestMobileTesting [main] Init pass!!! 
2018-10-28 10:05:38,310 INFO c.e.l.TestMobileTesting [main] 2018-10-28T10:05:36+02:00 
2018-10-28 10:05:38,390 INFO c.e.l.TestMobileTesting [main] First method 
2018-10-28 10:05:38,427 INFO c.e.l.OpenGmailPO [main] We are on the login gmail page 
2018-10-28 10:06:03,189 INFO c.e.l.TestMobileTesting [main] Init pass!!! 
2018-10-28 10:06:27,601 INFO c.e.l.TestMobileTesting [main] 2018-10-28T10:06:25+02:00 
2018-10-28 10:06:27,688 INFO c.e.l.TestMobileTesting [main] First method 
2018-10-28 10:06:27,720 INFO c.e.l.OpenGmailPO [main] We are on the login gmail page 
2018-10-28 10:09:14,213 INFO c.e.l.TestMobileTesting [main] Init pass!!! 
2018-10-28 10:09:35,925 INFO c.e.l.TestMobileTesting [main] 2018-10-28T10:09:33+02:00 
2018-10-28 10:09:36,007 INFO c.e.l.TestMobileTesting [main] First method 
2018-10-28 10:09:36,040 INFO c.e.l.OpenGmailPO [main] We are on the login gmail page 
2018-10-28 10:11:32,039 INFO c.e.l.TestMobileTesting [main] Init pass!!! 
2018-10-28 10:11:54,188 INFO c.e.l.TestMobileTesting [main] 2018-10-28T10:11:52+02:00 
2018-10-28 10:11:54,275 INFO c.e.l.TestMobileTesting [main] First method 
2018-10-28 10:11:54,311 INFO c.e.l.OpenGmailPO [main] We are on the login gmail page 
2018-10-28 10:14:01,390 INFO c.e.l.TestMobileTesting [main] Init pass!!! 
2018-10-28 10:14:23,505 INFO c.e.l.TestMobileTesting [main] 2018-10-28T10:14:21+02:00 
2018-10-28 10:14:23,585 INFO c.e.l.TestMobileTesting [main] First method 
2018-10-28 10:14:23,620 INFO c.e.l.OpenGmailPO [main] We are on the login gmail page 
2018-10-28 10:14:48,375 INFO c.e.l.TestMobileTesting [main] Init pass!!! 
2018-10-28 10:15:12,853 INFO c.e.l.TestMobileTesting [main] 2018-10-28T10:15:10+02:00 
2018-10-28 10:15:12,924 INFO c.e.l.TestMobileTesting [main] First method 
2018-10-28 10:15:12,957 INFO c.e.l.OpenGmailPO [main] We are on the login gmail page 
2018-10-28 10:15:25,980 INFO c.e.l.TestMobileTesting [main] Init pass!!! 
2018-10-28 10:15:50,156 INFO c.e.l.TestMobileTesting [main] 2018-10-28T10:15:48+02:00 
2018-10-28 10:15:50,244 INFO c.e.l.TestMobileTesting [main] First method 
2018-10-28 10:15:50,280 INFO c.e.l.OpenGmailPO [main] We are on the login gmail page 
2018-10-28 14:07:13,156 INFO c.e.l.TestMobileTesting [main] Init pass!!! 
2018-10-28 14:07:49,710 INFO c.e.l.TestMobileTesting [main] 2018-10-28T14:07:47+02:00 
2018-10-28 14:07:49,795 INFO c.e.l.TestMobileTesting [main] First method 
2018-10-28 14:08:49,201 INFO c.e.l.TestMobileTesting [main] Init pass!!! 
2018-10-28 14:09:17,743 INFO c.e.l.TestMobileTesting [main] 2018-10-28T14:09:15+02:00 
2018-10-28 14:09:17,836 INFO c.e.l.TestMobileTesting [main] First method 
2018-10-28 14:10:50,212 INFO c.e.l.TestMobileTesting [main] Init pass!!! 
2018-10-28 14:14:37,169 INFO c.e.l.TestMobileTesting [main] Init pass!!! 
2018-10-28 14:15:04,222 INFO c.e.l.TestMobileTesting [main] 2018-10-28T14:15:02+02:00 
2018-10-28 14:15:04,304 INFO c.e.l.TestMobileTesting [main] First method 
2018-10-28 14:16:56,673 INFO c.e.l.TestMobileTesting [main] Init pass!!! 
2018-10-28 14:17:19,511 INFO c.e.l.TestMobileTesting [main] 2018-10-28T14:17:17+02:00 
2018-10-28 14:17:19,593 INFO c.e.l.TestMobileTesting [main] First method 
2018-10-28 14:23:50,833 INFO c.e.l.TestMobileTesting [main] Init pass!!! 
2018-10-28 14:24:15,039 INFO c.e.l.TestMobileTesting [main] 2018-10-28T14:24:13+02:00 
2018-10-28 14:24:15,122 INFO c.e.l.TestMobileTesting [main] First method 
2018-10-28 14:29:37,346 INFO c.e.l.TestMobileTesting [main] Init pass!!! 
2018-10-28 14:29:59,237 INFO c.e.l.TestMobileTesting [main] 2018-10-28T14:29:57+02:00 
2018-10-28 14:29:59,317 INFO c.e.l.TestMobileTesting [main] First method 
2018-10-28 14:34:14,222 INFO c.e.l.TestMobileTesting [main] Init pass!!! 
2018-10-28 14:34:39,249 INFO c.e.l.TestMobileTesting [main] 2018-10-28T14:34:37+02:00 
2018-10-28 14:34:39,342 INFO c.e.l.TestMobileTesting [main] First method 
2018-10-28 14:40:08,001 INFO c.e.l.TestMobileTesting [main] Init pass!!! 
2018-10-28 14:40:24,715 INFO c.e.l.TestMobileTesting [main] 2018-10-28T14:40:22+02:00 
2018-10-28 14:42:56,195 INFO c.e.l.TestMobileTesting [main] Init pass!!! 
2018-10-28 14:43:12,634 INFO c.e.l.TestMobileTesting [main] 2018-10-28T14:43:10+02:00 
2018-10-28 15:04:02,876 INFO c.e.l.TestMobileTesting [main] Init pass!!! 
2018-10-28 15:04:34,152 INFO c.e.l.TestMobileTesting [main] 2018-10-28T15:04:32+02:00 
2018-10-28 15:05:06,660 INFO c.e.l.TestMobileTesting [main] Init pass!!! 
2018-10-28 15:05:30,659 INFO c.e.l.TestMobileTesting [main] 2018-10-28T15:05:28+02:00 
2018-10-28 15:06:51,634 INFO c.e.l.TestMobileTesting [main] Init pass!!! 
2018-10-28 15:07:12,949 INFO c.e.l.TestMobileTesting [main] 2018-10-28T15:07:11+02:00 
2018-10-28 15:07:21,961 INFO c.e.l.TestMobileTesting [main] Init pass!!! 
2018-10-28 15:07:48,739 INFO c.e.l.TestMobileTesting [main] 2018-10-28T15:07:47+02:00 
2018-10-28 15:10:25,042 INFO c.e.l.TestMobileTesting [main] Init pass!!! 
2018-10-28 15:10:48,256 INFO c.e.l.TestMobileTesting [main] 2018-10-28T15:10:46+02:00 
2018-10-28 15:12:47,213 INFO c.e.l.TestMobileTesting [main] Init pass!!! 
2018-10-28 15:14:11,618 INFO c.e.l.TestMobileTesting [main] Init pass!!! 
2018-10-28 15:15:05,257 INFO c.e.l.TestMobileTesting [main] Init pass!!! 
2018-10-28 15:15:32,736 INFO c.e.l.TestMobileTesting [main] Init pass!!! 
2018-10-28 15:15:59,345 INFO c.e.l.TestMobileTesting [main] 2018-10-28T15:15:57+02:00 
2018-10-28 15:17:38,507 INFO c.e.l.TestMobileTesting [main] Init pass!!! 
2018-10-28 15:18:03,955 INFO c.e.l.TestMobileTesting [main] 2018-10-28T15:18:02+02:00 
2018-10-28 15:18:04,090 INFO c.e.l.OpenGmailPO [main] We are on the login gmail page 
2018-10-28 15:22:10,864 INFO c.e.l.TestMobileTesting [main] Init pass!!! 
2018-10-28 15:22:39,801 INFO c.e.l.TestMobileTesting [main] 2018-10-28T15:22:38+02:00 
2018-10-28 15:22:39,929 INFO c.e.l.OpenGmailPO [main] We are on the login gmail page 
2018-10-28 15:22:50,160 INFO c.e.l.TestMobileTesting [main] Init pass!!! 
2018-10-28 15:23:14,529 INFO c.e.l.TestMobileTesting [main] 2018-10-28T15:23:12+02:00 
2018-10-28 15:23:14,633 INFO c.e.l.OpenGmailPO [main] We are on the login gmail page 
2018-10-28 15:23:43,180 INFO c.e.l.TestMobileTesting [main] Init pass!!! 
2018-10-28 15:24:07,619 INFO c.e.l.TestMobileTesting [main] 2018-10-28T15:24:05+02:00 
2018-10-28 15:24:07,742 INFO c.e.l.OpenGmailPO [main] We are on the login gmail page 
2018-10-28 15:25:55,714 INFO c.e.l.TestMobileTesting [main] Init pass!!! 
2018-10-28 15:26:20,074 INFO c.e.l.TestMobileTesting [main] 2018-10-28T15:26:18+02:00 
2018-10-28 15:26:20,197 INFO c.e.l.OpenGmailPO [main] We are on the login gmail page 
2018-10-28 15:51:49,588 INFO c.e.l.TestGmailAuthorizationBO [main] Init pass!!! 
2018-10-28 15:52:17,592 INFO c.e.l.TestGmailAuthorizationBO [main] 2018-10-28T15:52:16+02:00 
2018-10-28 15:52:17,716 INFO c.e.l.B.GmailAuthorizationBO [main] Type the login BO 
2018-10-28 15:52:17,716 INFO c.e.l.P.GmailAuthorizationPO [main] We are on the login gmail page 
2018-10-28 15:52:21,236 INFO c.e.l.P.GmailAuthorizationPO [main] Login was entered successfully 
2018-10-28 15:52:21,236 INFO c.e.l.B.GmailAuthorizationBO [main] Login was entered successfully 
2018-10-28 15:52:21,237 INFO c.e.l.P.GmailAuthorizationPO [main] We are started to type the password 
2018-10-28 15:54:05,971 INFO c.e.l.TestGmailAuthorizationBO [main] Init pass!!! 
2018-10-28 15:54:32,547 INFO c.e.l.TestGmailAuthorizationBO [main] 2018-10-28T15:54:30+02:00 
2018-10-28 15:54:32,674 INFO c.e.l.B.GmailAuthorizationBO [main] Type the login BO 
2018-10-28 15:54:32,674 INFO c.e.l.P.GmailAuthorizationPO [main] We are on the login gmail page 
2018-10-28 15:54:36,166 INFO c.e.l.P.GmailAuthorizationPO [main] Login was entered successfully 
2018-10-28 15:54:36,167 INFO c.e.l.B.GmailAuthorizationBO [main] Login was entered successfully 
2018-10-28 15:54:36,167 INFO c.e.l.P.GmailAuthorizationPO [main] We are started to type the password 
2018-10-28 15:55:36,468 INFO c.e.l.TestGmailAuthorizationBO [main] Init pass!!! 
2018-10-28 15:56:00,141 INFO c.e.l.TestGmailAuthorizationBO [main] 2018-10-28T15:55:58+02:00 
2018-10-28 15:56:00,257 INFO c.e.l.B.GmailAuthorizationBO [main] Type the login BO 
2018-10-28 15:56:00,258 INFO c.e.l.P.GmailAuthorizationPO [main] We are on the login gmail page 
2018-10-28 15:56:03,754 INFO c.e.l.P.GmailAuthorizationPO [main] Login was entered successfully 
2018-10-28 15:56:03,754 INFO c.e.l.B.GmailAuthorizationBO [main] Login was entered successfully 
2018-10-28 15:56:03,755 INFO c.e.l.P.GmailAuthorizationPO [main] We are started to type the password 
2018-10-28 15:57:36,815 INFO c.e.l.TestGmailAuthorizationBO [main] Init pass!!! 
2018-10-28 15:58:00,505 INFO c.e.l.TestGmailAuthorizationBO [main] 2018-10-28T15:57:58+02:00 
2018-10-28 15:58:00,621 INFO c.e.l.B.GmailAuthorizationBO [main] Type the login BO 
2018-10-28 15:58:00,621 INFO c.e.l.P.GmailAuthorizationPO [main] We are on the login gmail page 
2018-10-28 15:58:04,124 INFO c.e.l.P.GmailAuthorizationPO [main] Login was entered successfully 
2018-10-28 15:58:04,124 INFO c.e.l.B.GmailAuthorizationBO [main] Login was entered successfully 
2018-10-28 15:58:04,124 INFO c.e.l.P.GmailAuthorizationPO [main] We are started to type the password 
2018-10-28 15:59:49,270 INFO c.e.l.TestGmailAuthorizationBO [main] Init pass!!! 
2018-10-28 16:00:12,563 INFO c.e.l.TestGmailAuthorizationBO [main] 2018-10-28T16:00:11+02:00 
2018-10-28 16:00:12,701 INFO c.e.l.B.GmailAuthorizationBO [main] Type the login BO 
2018-10-28 16:00:12,701 INFO c.e.l.P.GmailAuthorizationPO [main] We are on the login gmail page 
2018-10-28 16:00:16,584 INFO c.e.l.P.GmailAuthorizationPO [main] Login was entered successfully 
2018-10-28 16:00:16,584 INFO c.e.l.B.GmailAuthorizationBO [main] Login was entered successfully 
2018-10-28 16:00:16,584 INFO c.e.l.P.GmailAuthorizationPO [main] We are started to type the password 
2018-10-28 16:01:36,426 INFO c.e.l.TestGmailAuthorizationBO [main] Init pass!!! 
2018-10-28 16:02:00,926 INFO c.e.l.TestGmailAuthorizationBO [main] 2018-10-28T16:01:59+02:00 
2018-10-28 16:02:01,047 INFO c.e.l.B.GmailAuthorizationBO [main] Type the login BO 
2018-10-28 16:02:01,047 INFO c.e.l.P.GmailAuthorizationPO [main] We are on the login gmail page 
2018-10-28 16:02:04,656 INFO c.e.l.P.GmailAuthorizationPO [main] Login was entered successfully 
2018-10-28 16:02:04,657 INFO c.e.l.B.GmailAuthorizationBO [main] Login was entered successfully 
2018-10-28 16:02:04,657 INFO c.e.l.P.GmailAuthorizationPO [main] We are started to type the password 
2018-10-28 16:05:29,668 INFO c.e.l.TestGmailAuthorizationBO [main] Init pass!!! 
2018-10-28 16:05:56,133 INFO c.e.l.TestGmailAuthorizationBO [main] 2018-10-28T16:05:54+02:00 
2018-10-28 16:05:56,251 INFO c.e.l.B.GmailAuthorizationBO [main] Type the login BO 
2018-10-28 16:05:56,252 INFO c.e.l.P.GmailAuthorizationPO [main] We are on the login gmail page 
2018-10-28 16:05:59,726 INFO c.e.l.P.GmailAuthorizationPO [main] Login was entered successfully 
2018-10-28 16:05:59,727 INFO c.e.l.B.GmailAuthorizationBO [main] Login was entered successfully 
2018-10-28 16:05:59,727 INFO c.e.l.P.GmailAuthorizationPO [main] We are started to type the password 
2018-10-28 16:07:08,124 INFO c.e.l.TestGmailAuthorizationBO [main] Init pass!!! 
2018-10-28 16:07:34,891 INFO c.e.l.TestGmailAuthorizationBO [main] 2018-10-28T16:07:33+02:00 
2018-10-28 16:07:35,030 INFO c.e.l.B.GmailAuthorizationBO [main] Type the login BO 
2018-10-28 16:07:35,031 INFO c.e.l.P.GmailAuthorizationPO [main] We are on the login gmail page 
2018-10-28 16:07:38,485 INFO c.e.l.P.GmailAuthorizationPO [main] Login was entered successfully 
2018-10-28 16:07:38,485 INFO c.e.l.B.GmailAuthorizationBO [main] Login was entered successfully 
2018-10-28 16:07:38,486 INFO c.e.l.P.GmailAuthorizationPO [main] We are started to type the password 
2018-10-28 16:09:32,162 INFO c.e.l.TestGmailAuthorizationBO [main] Init pass!!! 
2018-10-28 16:09:57,000 INFO c.e.l.TestGmailAuthorizationBO [main] 2018-10-28T16:09:55+02:00 
2018-10-28 16:09:57,107 INFO c.e.l.B.GmailAuthorizationBO [main] Type the login BO 
2018-10-28 16:09:57,107 INFO c.e.l.P.GmailAuthorizationPO [main] We are on the login gmail page 
2018-10-28 16:10:00,651 INFO c.e.l.P.GmailAuthorizationPO [main] Login was entered successfully 
2018-10-28 16:10:00,652 INFO c.e.l.B.GmailAuthorizationBO [main] Login was entered successfully 
2018-10-28 16:10:00,652 INFO c.e.l.P.GmailAuthorizationPO [main] We are started to type the password 
2018-10-28 16:10:06,127 INFO c.e.l.B.GmailAuthorizationBO [main] Password was entered successfully 
2018-10-28 16:17:43,001 INFO c.e.l.TestGmailAuthorizationBO [main] Init pass!!! 
2018-10-28 16:18:06,442 INFO c.e.l.TestGmailAuthorizationBO [main] 2018-10-28T16:18:04+02:00 
2018-10-28 16:18:06,553 INFO c.e.l.B.GmailAuthorizationBO [main] Type the login BO 
2018-10-28 16:18:06,553 INFO c.e.l.P.GmailAuthorizationPO [main] We are on the login gmail page 
2018-10-28 16:18:09,950 INFO c.e.l.P.GmailAuthorizationPO [main] Login was entered successfully 
2018-10-28 16:18:09,950 INFO c.e.l.B.GmailAuthorizationBO [main] Login was entered successfully 
2018-10-28 16:18:09,951 INFO c.e.l.P.GmailAuthorizationPO [main] We are started to type the password 
2018-10-28 16:18:14,890 INFO c.e.l.B.GmailAuthorizationBO [main] Password was entered successfully 
2018-10-28 16:21:33,932 INFO c.e.l.TestGmailAuthorizationBO [main] Init pass!!! 
2018-10-28 16:21:56,693 INFO c.e.l.TestGmailAuthorizationBO [main] 2018-10-28T16:21:55+02:00 
2018-10-28 16:21:56,794 INFO c.e.l.B.GmailAuthorizationBO [main] Type the login BO 
2018-10-28 16:21:56,795 INFO c.e.l.P.GmailAuthorizationPO [main] We are on the login gmail page 
2018-10-28 16:22:00,349 INFO c.e.l.P.GmailAuthorizationPO [main] Login was entered successfully 
2018-10-28 16:22:00,350 INFO c.e.l.B.GmailAuthorizationBO [main] Login was entered successfully 
2018-10-28 16:22:00,350 INFO c.e.l.P.GmailAuthorizationPO [main] We are started to type the password 
2018-10-28 16:22:05,557 INFO c.e.l.B.GmailAuthorizationBO [main] Password was entered successfully 
2018-10-28 16:23:32,888 INFO c.e.l.TestGmailAuthorizationBO [main] Init pass!!! 
2018-10-28 16:23:57,440 INFO c.e.l.TestGmailAuthorizationBO [main] 2018-10-28T16:23:55+02:00 
2018-10-28 16:23:57,561 INFO c.e.l.B.GmailAuthorizationBO [main] Type the login BO 
2018-10-28 16:23:57,562 INFO c.e.l.P.GmailAuthorizationPO [main] We are on the login gmail page 
2018-10-28 16:24:01,140 INFO c.e.l.P.GmailAuthorizationPO [main] Login was entered successfully 
2018-10-28 16:24:01,155 INFO c.e.l.B.GmailAuthorizationBO [main] Login was entered successfully 
2018-10-28 16:24:01,155 INFO c.e.l.P.GmailAuthorizationPO [main] We are started to type the password 
2018-10-28 16:24:06,281 INFO c.e.l.B.GmailAuthorizationBO [main] Password was entered successfully 
2018-10-28 16:38:49,744 INFO c.e.l.TestGmailAuthorizationBO [main] Init pass!!! 
2018-10-28 16:39:14,541 INFO c.e.l.TestGmailAuthorizationBO [main] 2018-10-28T16:39:13+02:00 
2018-10-28 16:39:14,665 INFO c.e.l.B.GmailAuthorizationBO [main] Type the login BO 
2018-10-28 16:39:14,665 INFO c.e.l.P.GmailAuthorizationPO [main] We are on the login gmail page 
2018-10-28 16:39:18,432 INFO c.e.l.P.GmailAuthorizationPO [main] Login was entered successfully 
2018-10-28 16:39:18,433 INFO c.e.l.B.GmailAuthorizationBO [main] Login was entered successfully 
2018-10-28 16:39:18,433 INFO c.e.l.P.GmailAuthorizationPO [main] We are started to type the password 
2018-10-28 16:39:23,451 INFO c.e.l.B.GmailAuthorizationBO [main] Password was entered successfully 
2018-10-28 16:42:33,716 INFO c.e.l.TestGmailAuthorizationBO [main] Init pass!!! 
2018-10-28 16:42:58,068 INFO c.e.l.TestGmailAuthorizationBO [main] 2018-10-28T16:42:56+02:00 
2018-10-28 16:42:58,199 INFO c.e.l.B.GmailAuthorizationBO [main] Type the login BO 
2018-10-28 16:42:58,199 INFO c.e.l.P.GmailAuthorizationPO [main] We are on the login gmail page 
2018-10-28 16:43:01,638 INFO c.e.l.P.GmailAuthorizationPO [main] Login was entered successfully 
2018-10-28 16:43:01,639 INFO c.e.l.B.GmailAuthorizationBO [main] Login was entered successfully 
2018-10-28 16:43:01,639 INFO c.e.l.P.GmailAuthorizationPO [main] We are started to type the password 
2018-10-28 16:43:07,441 INFO c.e.l.B.GmailAuthorizationBO [main] Password was entered successfully 
2018-10-28 16:49:47,040 INFO c.e.l.TestGmailAuthorizationBO [main] Init pass!!! 
2018-10-28 16:50:12,311 INFO c.e.l.TestGmailAuthorizationBO [main] 2018-10-28T16:50:10+02:00 
2018-10-28 16:50:12,434 INFO c.e.l.B.GmailAuthorizationBO [main] Type the login BO 
2018-10-28 16:50:12,434 INFO c.e.l.P.GmailAuthorizationPO [main] We are on the login gmail page 
2018-10-28 16:50:16,650 INFO c.e.l.P.GmailAuthorizationPO [main] Login was entered successfully 
2018-10-28 16:50:16,650 INFO c.e.l.B.GmailAuthorizationBO [main] Login was entered successfully 
2018-10-28 16:50:16,650 INFO c.e.l.P.GmailAuthorizationPO [main] We are started to type the password 
2018-10-28 16:50:21,838 INFO c.e.l.B.GmailAuthorizationBO [main] Password was entered successfully 
2018-10-28 16:56:15,993 INFO c.e.l.TestGmailAuthorizationBO [main] Init pass!!! 
2018-10-28 16:56:42,345 INFO c.e.l.TestGmailAuthorizationBO [main] 2018-10-28T16:56:40+02:00 
2018-10-28 16:56:42,464 INFO c.e.l.B.GmailAuthorizationBO [main] Type the login BO 
2018-10-28 16:56:42,465 INFO c.e.l.P.GmailAuthorizationPO [main] We are on the login gmail page 
2018-10-28 16:56:45,882 INFO c.e.l.P.GmailAuthorizationPO [main] Login was entered successfully 
2018-10-28 16:56:45,882 INFO c.e.l.B.GmailAuthorizationBO [main] Login was entered successfully 
2018-10-28 16:56:45,882 INFO c.e.l.P.GmailAuthorizationPO [main] We are started to type the password 
2018-10-28 16:56:50,915 INFO c.e.l.B.GmailAuthorizationBO [main] Password was entered successfully 
2018-10-28 16:57:52,620 INFO c.e.l.TestGmailAuthorizationBO [main] Init pass!!! 
2018-10-28 16:58:20,199 INFO c.e.l.TestGmailAuthorizationBO [main] 2018-10-28T16:58:18+02:00 
2018-10-28 16:58:20,321 INFO c.e.l.B.GmailAuthorizationBO [main] Type the login BO 
2018-10-28 16:58:20,321 INFO c.e.l.P.GmailAuthorizationPO [main] We are on the login gmail page 
2018-10-28 16:58:23,970 INFO c.e.l.P.GmailAuthorizationPO [main] Login was entered successfully 
2018-10-28 16:58:23,970 INFO c.e.l.B.GmailAuthorizationBO [main] Login was entered successfully 
2018-10-28 16:58:23,970 INFO c.e.l.P.GmailAuthorizationPO [main] We are started to type the password 
2018-10-28 16:58:29,006 INFO c.e.l.B.GmailAuthorizationBO [main] Password was entered successfully 
2018-10-28 17:03:02,108 INFO c.e.l.TestGmailAuthorizationBO [main] Init pass!!! 
2018-10-28 17:03:26,084 INFO c.e.l.TestGmailAuthorizationBO [main] 2018-10-28T17:03:24+02:00 
2018-10-28 17:03:26,212 INFO c.e.l.B.GmailAuthorizationBO [main] Type the login BO 
2018-10-28 17:03:26,213 INFO c.e.l.P.GmailAuthorizationPO [main] We are on the login gmail page 
2018-10-28 17:03:29,663 INFO c.e.l.P.GmailAuthorizationPO [main] Login was entered successfully 
2018-10-28 17:03:29,663 INFO c.e.l.B.GmailAuthorizationBO [main] Login was entered successfully 
2018-10-28 17:03:29,663 INFO c.e.l.P.GmailAuthorizationPO [main] We are started to type the password 
2018-10-28 17:03:34,831 INFO c.e.l.B.GmailAuthorizationBO [main] Password was entered successfully 
2018-10-28 17:05:11,504 INFO c.e.l.TestGmailAuthorizationBO [main] Init pass!!! 
2018-10-28 17:05:38,651 INFO c.e.l.TestGmailAuthorizationBO [main] 2018-10-28T17:05:37+02:00 
2018-10-28 17:05:38,764 INFO c.e.l.B.GmailAuthorizationBO [main] Type the login BO 
2018-10-28 17:05:38,765 INFO c.e.l.P.GmailAuthorizationPO [main] We are on the login gmail page 
2018-10-28 17:05:42,188 INFO c.e.l.P.GmailAuthorizationPO [main] Login was entered successfully 
2018-10-28 17:05:42,189 INFO c.e.l.B.GmailAuthorizationBO [main] Login was entered successfully 
2018-10-28 17:05:42,189 INFO c.e.l.P.GmailAuthorizationPO [main] We are started to type the password 
2018-10-28 17:05:47,042 INFO c.e.l.B.GmailAuthorizationBO [main] Password was entered successfully 
2018-10-28 17:06:59,369 INFO c.e.l.TestGmailAuthorizationBO [main] Init pass!!! 
2018-10-28 17:07:23,720 INFO c.e.l.TestGmailAuthorizationBO [main] 2018-10-28T17:07:22+02:00 
2018-10-28 17:07:23,836 INFO c.e.l.B.GmailAuthorizationBO [main] Type the login BO 
2018-10-28 17:07:23,837 INFO c.e.l.P.GmailAuthorizationPO [main] We are on the login gmail page 
2018-10-28 17:07:27,516 INFO c.e.l.P.GmailAuthorizationPO [main] Login was entered successfully 
2018-10-28 17:07:27,516 INFO c.e.l.B.GmailAuthorizationBO [main] Login was entered successfully 
2018-10-28 17:07:27,516 INFO c.e.l.P.GmailAuthorizationPO [main] We are started to type the password 
2018-10-28 17:07:32,737 INFO c.e.l.B.GmailAuthorizationBO [main] Password was entered successfully 
2018-10-28 17:07:42,505 INFO c.e.l.B.GmailAuthorizationBO [main] Click without update 
2018-10-28 17:08:54,874 INFO c.e.l.TestGmailAuthorizationBO [main] Init pass!!! 
2018-10-28 17:09:18,570 INFO c.e.l.TestGmailAuthorizationBO [main] 2018-10-28T17:09:17+02:00 
2018-10-28 17:09:18,675 INFO c.e.l.B.GmailAuthorizationBO [main] Type the login BO 
2018-10-28 17:09:18,676 INFO c.e.l.P.GmailAuthorizationPO [main] We are on the login gmail page 
2018-10-28 17:09:22,025 INFO c.e.l.P.GmailAuthorizationPO [main] Login was entered successfully 
2018-10-28 17:09:22,025 INFO c.e.l.B.GmailAuthorizationBO [main] Login was entered successfully 
2018-10-28 17:09:22,026 INFO c.e.l.P.GmailAuthorizationPO [main] We are started to type the password 
2018-10-28 17:09:26,928 INFO c.e.l.B.GmailAuthorizationBO [main] Password was entered successfully 
2018-10-28 17:09:37,531 INFO c.e.l.B.GmailAuthorizationBO [main] Click without update 
2018-10-28 17:12:15,469 INFO c.e.l.TestGmailAuthorizationBO [main] Init pass!!! 
2018-10-28 17:12:40,045 INFO c.e.l.TestGmailAuthorizationBO [main] 2018-10-28T17:12:38+02:00 
2018-10-28 17:12:40,159 INFO c.e.l.B.GmailAuthorizationBO [main] Type the login BO 
2018-10-28 17:12:40,159 INFO c.e.l.P.GmailAuthorizationPO [main] We are on the login gmail page 
2018-10-28 17:12:43,497 INFO c.e.l.P.GmailAuthorizationPO [main] Login was entered successfully 
2018-10-28 17:12:43,497 INFO c.e.l.B.GmailAuthorizationBO [main] Login was entered successfully 
2018-10-28 17:12:43,498 INFO c.e.l.P.GmailAuthorizationPO [main] We are started to type the password 
2018-10-28 17:12:48,732 INFO c.e.l.B.GmailAuthorizationBO [main] Password was entered successfully 
2018-10-28 17:12:58,774 INFO c.e.l.B.GmailAuthorizationBO [main] Click without update 
2018-10-28 17:15:11,810 INFO c.e.l.TestGmailAuthorizationBO [main] Init pass!!! 
2018-10-28 17:15:36,649 INFO c.e.l.TestGmailAuthorizationBO [main] 2018-10-28T17:15:35+02:00 
2018-10-28 17:15:36,769 INFO c.e.l.B.GmailAuthorizationBO [main] Type the login BO 
2018-10-28 17:15:36,769 INFO c.e.l.P.GmailAuthorizationPO [main] We are on the login gmail page 
2018-10-28 17:15:40,201 INFO c.e.l.P.GmailAuthorizationPO [main] Login was entered successfully 
2018-10-28 17:15:40,202 INFO c.e.l.B.GmailAuthorizationBO [main] Login was entered successfully 
2018-10-28 17:15:40,202 INFO c.e.l.P.GmailAuthorizationPO [main] We are started to type the password 
2018-10-28 17:15:45,232 INFO c.e.l.B.GmailAuthorizationBO [main] Password was entered successfully 
2018-10-28 17:15:56,686 INFO c.e.l.B.GmailAuthorizationBO [main] Click without update 
2018-10-28 17:17:44,821 INFO c.e.l.TestGmailAuthorizationBO [main] Init pass!!! 
2018-10-28 17:18:12,658 INFO c.e.l.TestGmailAuthorizationBO [main] 2018-10-28T17:18:11+02:00 
2018-10-28 17:18:12,798 INFO c.e.l.B.GmailAuthorizationBO [main] Type the login BO 
2018-10-28 17:18:12,798 INFO c.e.l.P.GmailAuthorizationPO [main] We are on the login gmail page 
2018-10-28 17:18:16,643 INFO c.e.l.P.GmailAuthorizationPO [main] Login was entered successfully 
2018-10-28 17:18:16,643 INFO c.e.l.B.GmailAuthorizationBO [main] Login was entered successfully 
2018-10-28 17:18:16,643 INFO c.e.l.P.GmailAuthorizationPO [main] We are started to type the password 
2018-10-28 17:18:21,149 INFO c.e.l.B.GmailAuthorizationBO [main] Password was entered successfully 
2018-10-28 17:18:32,969 INFO c.e.l.B.GmailAuthorizationBO [main] Click without update 
2018-10-28 17:20:56,426 INFO c.e.l.TestGmailAuthorizationBO [main] Init pass!!! 
2018-10-28 17:21:21,095 INFO c.e.l.TestGmailAuthorizationBO [main] 2018-10-28T17:21:19+02:00 
2018-10-28 17:21:21,214 INFO c.e.l.B.GmailAuthorizationBO [main] Type the login BO 
2018-10-28 17:21:21,215 INFO c.e.l.P.GmailAuthorizationPO [main] We are on the login gmail page 
2018-10-28 17:21:24,639 INFO c.e.l.P.GmailAuthorizationPO [main] Login was entered successfully 
2018-10-28 17:21:24,639 INFO c.e.l.B.GmailAuthorizationBO [main] Login was entered successfully 
2018-10-28 17:21:24,640 INFO c.e.l.P.GmailAuthorizationPO [main] We are started to type the password 
2018-10-28 17:21:29,482 INFO c.e.l.B.GmailAuthorizationBO [main] Password was entered successfully 
2018-10-28 17:21:40,928 INFO c.e.l.B.GmailAuthorizationBO [main] Click without update 
2018-10-28 17:23:23,873 INFO c.e.l.TestGmailAuthorizationBO [main] Init pass!!! 
2018-10-28 17:23:47,919 INFO c.e.l.TestGmailAuthorizationBO [main] 2018-10-28T17:23:46+02:00 
2018-10-28 17:23:48,044 INFO c.e.l.B.GmailAuthorizationBO [main] Type the login BO 
2018-10-28 17:23:48,044 INFO c.e.l.P.GmailAuthorizationPO [main] We are on the login gmail page 
2018-10-28 17:23:51,713 INFO c.e.l.P.GmailAuthorizationPO [main] Login was entered successfully 
2018-10-28 17:23:51,713 INFO c.e.l.B.GmailAuthorizationBO [main] Login was entered successfully 
2018-10-28 17:23:51,714 INFO c.e.l.P.GmailAuthorizationPO [main] We are started to type the password 
2018-10-28 17:23:56,337 INFO c.e.l.B.GmailAuthorizationBO [main] Password was entered successfully 
2018-10-28 17:24:11,476 INFO c.e.l.B.GmailAuthorizationBO [main] Click without update 
2018-10-28 17:24:57,042 INFO c.e.l.TestGmailAuthorizationBO [main] Init pass!!! 
2018-10-28 17:25:26,363 INFO c.e.l.TestGmailAuthorizationBO [main] Init pass!!! 
2018-10-28 17:25:50,798 INFO c.e.l.TestGmailAuthorizationBO [main] 2018-10-28T17:25:49+02:00 
2018-10-28 17:25:50,912 INFO c.e.l.B.GmailAuthorizationBO [main] Type the login BO 
2018-10-28 17:25:50,912 INFO c.e.l.P.GmailAuthorizationPO [main] We are on the login gmail page 
2018-10-28 17:25:54,397 INFO c.e.l.P.GmailAuthorizationPO [main] Login was entered successfully 
2018-10-28 17:25:54,397 INFO c.e.l.B.GmailAuthorizationBO [main] Login was entered successfully 
2018-10-28 17:25:54,397 INFO c.e.l.P.GmailAuthorizationPO [main] We are started to type the password 
2018-10-28 17:25:59,542 INFO c.e.l.B.GmailAuthorizationBO [main] Password was entered successfully 
2018-10-28 17:26:11,104 INFO c.e.l.B.GmailAuthorizationBO [main] Click without update 
2018-10-28 17:34:25,543 INFO c.e.l.TestGmailAuthorizationBO [main] Init pass!!! 
2018-10-28 17:34:52,536 INFO c.e.l.TestGmailAuthorizationBO [main] 2018-10-28T17:34:51+02:00 
2018-10-28 17:34:52,653 INFO c.e.l.B.GmailAuthorizationBO [main] Type the login BO 
2018-10-28 17:34:52,654 INFO c.e.l.P.GmailAuthorizationPO [main] We are on the login gmail page 
2018-10-28 17:34:56,164 INFO c.e.l.P.GmailAuthorizationPO [main] Login was entered successfully 
2018-10-28 17:34:56,164 INFO c.e.l.B.GmailAuthorizationBO [main] Login was entered successfully 
2018-10-28 17:34:56,164 INFO c.e.l.P.GmailAuthorizationPO [main] We are started to type the password 
2018-10-28 17:35:01,718 INFO c.e.l.B.GmailAuthorizationBO [main] Password was entered successfully 
2018-10-28 17:35:12,653 INFO c.e.l.B.GmailAuthorizationBO [main] Click without update 
2018-10-28 17:38:20,209 INFO c.e.l.TestGmailAuthorizationBO [main] Init pass!!! 
2018-10-28 17:40:17,551 INFO c.e.l.TestGmailAuthorizationBO [main] Init pass!!! 
2018-10-28 17:40:46,737 INFO c.e.l.TestGmailAuthorizationBO [main] 2018-10-28T17:40:45+02:00 
2018-10-28 17:40:46,858 INFO c.e.l.B.GmailAuthorizationBO [main] Type the login BO 
2018-10-28 17:40:46,859 INFO c.e.l.P.GmailAuthorizationPO [main] We are on the login gmail page 
2018-10-28 17:40:50,303 INFO c.e.l.P.GmailAuthorizationPO [main] Login was entered successfully 
2018-10-28 17:40:50,303 INFO c.e.l.B.GmailAuthorizationBO [main] Login was entered successfully 
2018-10-28 17:40:50,304 INFO c.e.l.P.GmailAuthorizationPO [main] We are started to type the password 
2018-10-28 17:40:55,419 INFO c.e.l.B.GmailAuthorizationBO [main] Password was entered successfully 
2018-10-28 17:41:06,328 INFO c.e.l.B.GmailAuthorizationBO [main] Click without update 
2018-10-28 17:42:15,908 INFO c.e.l.TestGmailAuthorizationBO [main] Init pass!!! 
2018-10-28 17:42:40,828 INFO c.e.l.TestGmailAuthorizationBO [main] 2018-10-28T17:42:39+02:00 
2018-10-28 17:42:40,962 INFO c.e.l.B.GmailAuthorizationBO [main] Type the login BO 
2018-10-28 17:42:40,962 INFO c.e.l.P.GmailAuthorizationPO [main] We are on the login gmail page 
2018-10-28 17:42:44,253 INFO c.e.l.P.GmailAuthorizationPO [main] Login was entered successfully 
2018-10-28 17:42:44,253 INFO c.e.l.B.GmailAuthorizationBO [main] Login was entered successfully 
2018-10-28 17:42:44,254 INFO c.e.l.P.GmailAuthorizationPO [main] We are started to type the password 
2018-10-28 17:42:49,654 INFO c.e.l.B.GmailAuthorizationBO [main] Password was entered successfully 
2018-10-28 17:43:00,346 INFO c.e.l.B.GmailAuthorizationBO [main] Click without update 
2018-10-28 17:43:49,305 INFO c.e.l.TestGmailAuthorizationBO [main] Init pass!!! 
2018-10-28 17:44:13,531 INFO c.e.l.TestGmailAuthorizationBO [main] 2018-10-28T17:44:12+02:00 
2018-10-28 17:44:13,670 INFO c.e.l.B.GmailAuthorizationBO [main] Type the login BO 
2018-10-28 17:44:13,670 INFO c.e.l.P.GmailAuthorizationPO [main] We are on the login gmail page 
2018-10-28 17:44:17,523 INFO c.e.l.P.GmailAuthorizationPO [main] Login was entered successfully 
2018-10-28 17:44:17,524 INFO c.e.l.B.GmailAuthorizationBO [main] Login was entered successfully 
2018-10-28 17:44:17,524 INFO c.e.l.P.GmailAuthorizationPO [main] We are started to type the password 
2018-10-28 17:44:22,561 INFO c.e.l.B.GmailAuthorizationBO [main] Password was entered successfully 
2018-10-28 17:44:32,987 INFO c.e.l.B.GmailAuthorizationBO [main] Click without update 
2018-10-28 17:45:29,306 INFO c.e.l.TestGmailAuthorizationBO [main] Init pass!!! 
2018-10-28 17:45:55,173 INFO c.e.l.TestGmailAuthorizationBO [main] 2018-10-28T17:45:53+02:00 
2018-10-28 17:45:55,299 INFO c.e.l.B.GmailAuthorizationBO [main] Type the login BO 
2018-10-28 17:45:55,299 INFO c.e.l.P.GmailAuthorizationPO [main] We are on the login gmail page 
2018-10-28 17:45:58,660 INFO c.e.l.P.GmailAuthorizationPO [main] Login was entered successfully 
2018-10-28 17:45:58,660 INFO c.e.l.B.GmailAuthorizationBO [main] Login was entered successfully 
2018-10-28 17:45:58,660 INFO c.e.l.P.GmailAuthorizationPO [main] We are started to type the password 
2018-10-28 17:46:04,206 INFO c.e.l.B.GmailAuthorizationBO [main] Password was entered successfully 
2018-10-28 17:46:14,099 INFO c.e.l.B.GmailAuthorizationBO [main] Click without update 
2018-10-28 17:46:18,624 INFO c.e.l.B.GmailAuthorizationBO [main] Main gmail page was opened 
2018-10-28 17:47:15,957 INFO c.e.l.TestGmailAuthorizationBO [main] Init pass!!! 
2018-10-28 17:47:39,069 INFO c.e.l.TestGmailAuthorizationBO [main] 2018-10-28T17:47:37+02:00 
2018-10-28 17:47:39,204 INFO c.e.l.B.GmailAuthorizationBO [main] Type the login BO 
2018-10-28 17:47:39,204 INFO c.e.l.P.GmailAuthorizationPO [main] We are on the login gmail page 
2018-10-28 17:47:42,584 INFO c.e.l.P.GmailAuthorizationPO [main] Login was entered successfully 
2018-10-28 17:47:42,584 INFO c.e.l.B.GmailAuthorizationBO [main] Login was entered successfully 
2018-10-28 17:47:42,584 INFO c.e.l.P.GmailAuthorizationPO [main] We are started to type the password 
2018-10-28 17:47:48,653 INFO c.e.l.B.GmailAuthorizationBO [main] Password was entered successfully 
2018-10-28 17:47:59,342 INFO c.e.l.B.GmailAuthorizationBO [main] Click without update 
2018-10-28 17:49:08,120 INFO c.e.l.TestGmailAuthorizationBO [main] Init pass!!! 
2018-10-28 17:49:33,439 INFO c.e.l.TestGmailAuthorizationBO [main] 2018-10-28T17:49:32+02:00 
2018-10-28 17:49:33,557 INFO c.e.l.B.GmailAuthorizationBO [main] Type the login BO 
2018-10-28 17:49:33,557 INFO c.e.l.P.GmailAuthorizationPO [main] We are on the login gmail page 
2018-10-28 17:49:36,991 INFO c.e.l.P.GmailAuthorizationPO [main] Login was entered successfully 
2018-10-28 17:49:36,992 INFO c.e.l.B.GmailAuthorizationBO [main] Login was entered successfully 
2018-10-28 17:49:36,992 INFO c.e.l.P.GmailAuthorizationPO [main] We are started to type the password 
2018-10-28 17:49:42,209 INFO c.e.l.B.GmailAuthorizationBO [main] Password was entered successfully 
2018-10-28 17:49:53,100 INFO c.e.l.B.GmailAuthorizationBO [main] Click without update 
2018-10-28 17:56:28,957 INFO c.e.l.TestGmailAuthorizationBO [main] Init pass!!! 
2018-10-28 17:56:54,322 INFO c.e.l.TestGmailAuthorizationBO [main] 2018-10-28T17:56:53+02:00 
2018-10-28 17:56:54,439 INFO c.e.l.B.GmailAuthorizationBO [main] Type the login BO 
2018-10-28 17:56:54,439 INFO c.e.l.P.GmailAuthorizationPO [main] We are on the login gmail page 
2018-10-28 17:56:57,960 INFO c.e.l.P.GmailAuthorizationPO [main] Login was entered successfully 
2018-10-28 17:56:57,960 INFO c.e.l.B.GmailAuthorizationBO [main] Login was entered successfully 
2018-10-28 17:56:57,960 INFO c.e.l.P.GmailAuthorizationPO [main] We are started to type the password 
2018-10-28 17:57:02,975 INFO c.e.l.B.GmailAuthorizationBO [main] Password was entered successfully 
2018-10-28 17:57:15,302 INFO c.e.l.B.GmailAuthorizationBO [main] Click without update 
2018-10-28 17:58:28,743 INFO c.e.l.TestGmailAuthorizationBO [main] Init pass!!! 
2018-10-28 17:58:53,039 INFO c.e.l.TestGmailAuthorizationBO [main] 2018-10-28T17:58:51+02:00 
2018-10-28 17:58:53,162 INFO c.e.l.B.GmailAuthorizationBO [main] Type the login BO 
2018-10-28 17:58:53,162 INFO c.e.l.P.GmailAuthorizationPO [main] We are on the login gmail page 
2018-10-28 17:58:56,567 INFO c.e.l.P.GmailAuthorizationPO [main] Login was entered successfully 
2018-10-28 17:58:56,567 INFO c.e.l.B.GmailAuthorizationBO [main] Login was entered successfully 
2018-10-28 17:58:56,568 INFO c.e.l.P.GmailAuthorizationPO [main] We are started to type the password 
2018-10-28 17:59:01,786 INFO c.e.l.B.GmailAuthorizationBO [main] Password was entered successfully 
2018-10-28 17:59:11,992 INFO c.e.l.B.GmailAuthorizationBO [main] Click without update 
2018-10-28 17:59:15,802 INFO c.e.l.B.GmailAuthorizationBO [main] Main gmail page was opened 
2018-10-28 18:29:58,709 INFO c.e.l.TestGmailAuthorizationBO [main] Init pass!!! 
2018-10-28 18:30:30,849 INFO c.e.l.TestGmailAuthorizationBO [main] 2018-10-28T18:30:28+02:00 
2018-10-28 18:30:31,013 INFO c.e.l.B.GmailAuthorizationBO [main] Type the login BO 
2018-10-28 18:30:31,014 INFO c.e.l.P.GmailAuthorizationPO [main] We are on the login gmail page 
2018-10-28 18:30:38,414 INFO c.e.l.TestGmailAuthorizationBO [main] Init pass!!! 
2018-10-28 18:31:04,964 INFO c.e.l.TestGmailAuthorizationBO [main] 2018-10-28T18:31:02+02:00 
2018-10-28 18:31:05,084 INFO c.e.l.B.GmailAuthorizationBO [main] Type the login BO 
2018-10-28 18:31:05,084 INFO c.e.l.P.GmailAuthorizationPO [main] We are on the login gmail page 
2018-10-28 18:31:09,179 INFO c.e.l.P.GmailAuthorizationPO [main] Login was entered successfully 
2018-10-28 18:31:09,179 INFO c.e.l.B.GmailAuthorizationBO [main] Login was entered successfully 
2018-10-28 18:31:09,180 INFO c.e.l.P.GmailAuthorizationPO [main] We are started to type the password 
2018-10-28 18:31:14,347 INFO c.e.l.B.GmailAuthorizationBO [main] Password was entered successfully 
2018-10-28 18:31:55,976 INFO c.e.l.TestGmailAuthorizationBO [main] Init pass!!! 
2018-10-28 18:32:21,637 INFO c.e.l.TestGmailAuthorizationBO [main] 2018-10-28T18:32:19+02:00 
2018-10-28 18:32:21,774 INFO c.e.l.B.GmailAuthorizationBO [main] Type the login BO 
2018-10-28 18:32:21,775 INFO c.e.l.P.GmailAuthorizationPO [main] We are on the login gmail page 
2018-10-28 18:32:25,128 INFO c.e.l.P.GmailAuthorizationPO [main] Login was entered successfully 
2018-10-28 18:32:25,128 INFO c.e.l.B.GmailAuthorizationBO [main] Login was entered successfully 
2018-10-28 18:32:25,128 INFO c.e.l.P.GmailAuthorizationPO [main] We are started to type the password 
2018-10-28 18:32:30,223 INFO c.e.l.B.GmailAuthorizationBO [main] Password was entered successfully 
2018-10-28 18:32:43,728 INFO c.e.l.B.GmailAuthorizationBO [main] Click without update 
2018-10-28 18:32:43,728 INFO c.e.l.B.GmailAuthorizationBO [main] Main gmail page was opened 
2018-10-28 18:33:25,753 INFO c.e.l.TestGmailAuthorizationBO [main] Init pass!!! 
2018-10-28 18:33:49,862 INFO c.e.l.TestGmailAuthorizationBO [main] 2018-10-28T18:33:47+02:00 
2018-10-28 18:33:49,982 INFO c.e.l.B.GmailAuthorizationBO [main] Type the login BO 
2018-10-28 18:33:49,983 INFO c.e.l.P.GmailAuthorizationPO [main] We are on the login gmail page 
2018-10-28 18:33:53,521 INFO c.e.l.P.GmailAuthorizationPO [main] Login was entered successfully 
2018-10-28 18:33:53,521 INFO c.e.l.B.GmailAuthorizationBO [main] Login was entered successfully 
2018-10-28 18:33:53,522 INFO c.e.l.P.GmailAuthorizationPO [main] We are started to type the password 
2018-10-28 18:33:58,787 INFO c.e.l.B.GmailAuthorizationBO [main] Password was entered successfully 
2018-10-28 18:38:19,235 INFO c.e.l.TestGmailAuthorizationBO [main] Init pass!!! 
2018-10-28 18:38:46,061 INFO c.e.l.TestGmailAuthorizationBO [main] 2018-10-28T18:38:43+02:00 
2018-10-28 18:38:46,200 INFO c.e.l.B.GmailAuthorizationBO [main] Type the login BO 
2018-10-28 18:38:46,200 INFO c.e.l.P.GmailAuthorizationPO [main] We are on the login gmail page 
2018-10-28 18:38:49,752 INFO c.e.l.P.GmailAuthorizationPO [main] Login was entered successfully 
2018-10-28 18:38:49,753 INFO c.e.l.B.GmailAuthorizationBO [main] Login was entered successfully 
2018-10-28 18:38:49,753 INFO c.e.l.P.GmailAuthorizationPO [main] We are started to type the password 
2018-10-28 18:38:54,813 INFO c.e.l.B.GmailAuthorizationBO [main] Password was entered successfully 
2018-10-28 18:41:17,134 INFO c.e.l.TestGmailAuthorizationBO [main] Init pass!!! 
2018-10-28 18:41:43,253 INFO c.e.l.TestGmailAuthorizationBO [main] 2018-10-28T18:41:40+02:00 
2018-10-28 18:41:43,366 INFO c.e.l.B.GmailAuthorizationBO [main] Type the login BO 
2018-10-28 18:41:43,366 INFO c.e.l.P.GmailAuthorizationPO [main] We are on the login gmail page 
2018-10-28 18:41:46,800 INFO c.e.l.P.GmailAuthorizationPO [main] Login was entered successfully 
2018-10-28 18:41:46,800 INFO c.e.l.B.GmailAuthorizationBO [main] Login was entered successfully 
2018-10-28 18:41:46,801 INFO c.e.l.P.GmailAuthorizationPO [main] We are started to type the password 
2018-10-28 18:41:52,125 INFO c.e.l.B.GmailAuthorizationBO [main] Password was entered successfully 
2018-10-28 18:44:35,772 INFO c.e.l.TestGmailAuthorizationBO [main] Init pass!!! 
2018-10-28 18:45:01,135 INFO c.e.l.TestGmailAuthorizationBO [main] 2018-10-28T18:44:58+02:00 
2018-10-28 18:45:01,245 INFO c.e.l.B.GmailAuthorizationBO [main] Type the login BO 
2018-10-28 18:45:01,245 INFO c.e.l.P.GmailAuthorizationPO [main] We are on the login gmail page 
2018-10-28 18:45:04,788 INFO c.e.l.P.GmailAuthorizationPO [main] Login was entered successfully 
2018-10-28 18:45:04,788 INFO c.e.l.B.GmailAuthorizationBO [main] Login was entered successfully 
2018-10-28 18:45:04,788 INFO c.e.l.P.GmailAuthorizationPO [main] We are started to type the password 
2018-10-28 18:45:09,768 INFO c.e.l.B.GmailAuthorizationBO [main] Password was entered successfully 
2018-10-28 18:49:06,082 INFO c.e.l.TestGmailAuthorizationBO [main] Init pass!!! 
2018-10-28 18:49:29,047 INFO c.e.l.TestGmailAuthorizationBO [main] 2018-10-28T18:49:26+02:00 
2018-10-28 18:49:29,173 INFO c.e.l.B.GmailAuthorizationBO [main] Type the login BO 
2018-10-28 18:49:29,174 INFO c.e.l.P.GmailAuthorizationPO [main] We are on the login gmail page 
2018-10-28 18:49:32,797 INFO c.e.l.P.GmailAuthorizationPO [main] Login was entered successfully 
2018-10-28 18:49:32,797 INFO c.e.l.B.GmailAuthorizationBO [main] Login was entered successfully 
2018-10-28 18:49:32,798 INFO c.e.l.P.GmailAuthorizationPO [main] We are started to type the password 
2018-10-28 18:49:37,362 INFO c.e.l.B.GmailAuthorizationBO [main] Password was entered successfully 
2018-10-28 19:06:40,024 INFO c.e.l.TestGmailAuthorizationBO [main] Init pass!!! 
2018-10-28 19:07:03,012 INFO c.e.l.TestGmailAuthorizationBO [main] 2018-10-28T19:07:00+02:00 
2018-10-28 19:07:03,052 INFO c.e.l.B.GmailAuthorizationBO [main] Type the login BO 
2018-10-28 19:07:03,052 INFO c.e.l.P.GmailAuthorizationPO [main] We are on the login gmail page 
2018-10-28 19:08:52,122 INFO c.e.l.TestGmailAuthorizationBO [main] Init pass!!! 
2018-10-28 19:09:14,116 INFO c.e.l.TestGmailAuthorizationBO [main] 2018-10-28T19:09:11+02:00 
2018-10-28 19:09:14,176 INFO c.e.l.B.GmailAuthorizationBO [main] Type the login BO 
2018-10-28 19:09:14,177 INFO c.e.l.P.GmailAuthorizationPO [main] We are on the login gmail page 
2018-10-28 19:10:55,238 INFO c.e.l.TestGmailAuthorizationBO [main] Init pass!!! 
2018-10-28 19:11:17,845 INFO c.e.l.TestGmailAuthorizationBO [main] 2018-10-28T19:11:15+02:00 
2018-10-28 19:11:17,893 INFO c.e.l.B.GmailAuthorizationBO [main] Type the login BO 
2018-10-28 19:11:17,894 INFO c.e.l.P.GmailAuthorizationPO [main] We are on the login gmail page 
2018-10-28 19:11:21,616 INFO c.e.l.P.GmailAuthorizationPO [main] Login was entered successfully 
2018-10-28 19:11:21,616 INFO c.e.l.B.GmailAuthorizationBO [main] Login was entered successfully 
2018-10-28 19:11:21,617 INFO c.e.l.P.GmailAuthorizationPO [main] We are started to type the password 
2018-10-28 19:11:26,823 INFO c.e.l.B.GmailAuthorizationBO [main] Password was entered successfully 
2018-10-28 19:15:40,356 INFO c.e.l.TestGmailAuthorizationBO [main] Init pass!!! 
2018-10-28 19:16:02,228 INFO c.e.l.TestGmailAuthorizationBO [main] 2018-10-28T19:15:59+02:00 
2018-10-28 19:16:02,266 INFO c.e.l.B.GmailAuthorizationBO [main] Type the login BO 
2018-10-28 19:16:02,266 INFO c.e.l.P.GmailAuthorizationPO [main] We are on the login gmail page 
2018-10-28 19:16:05,691 INFO c.e.l.P.GmailAuthorizationPO [main] Login was entered successfully 
2018-10-28 19:16:05,692 INFO c.e.l.B.GmailAuthorizationBO [main] Login was entered successfully 
2018-10-28 19:16:05,693 INFO c.e.l.P.GmailAuthorizationPO [main] We are started to type the password 
2018-10-28 19:16:10,924 INFO c.e.l.B.GmailAuthorizationBO [main] Password was entered successfully 
2018-10-28 19:16:10,933 INFO c.e.l.B.GmailAuthorizationBO [main] Before searching video 
2018-10-28 19:16:22,615 INFO c.e.l.P.OpenInboxPO [main] Searching video result 
2018-10-28 19:16:24,721 INFO c.e.l.P.OpenInboxPO [main] Video is playing:) 
2018-10-28 19:16:24,721 INFO c.e.l.B.GmailAuthorizationBO [main] After searching video 
